<?xml version="1.0" encoding="UTF-8"?>
<testsuite name="AppTest" tests="4" skipped="0" failures="0" errors="0" timestamp="2017-08-04T13:53:31" hostname="dennis292" time="0.006">
  <properties/>
  <testcase name="checkSplitting" classname="AppTest" time="0.004"/>
  <testcase name="breakupUserInput" classname="AppTest" time="0.001"/>
  <testcase name="getStringWord" classname="AppTest" time="0.0"/>
  <testcase name="getRandomword" classname="AppTest" time="0.0"/>
  <system-out><![CDATA[]]></system-out>
  <system-err><![CDATA[]]></system-err>
</testsuite>
